# JRE version: OpenJDK Runtime Environment (11.0.15) (build 11.0.15+0-b2043.56-8887301)
# Java VM: OpenJDK 64-Bit Server VM (11.0.15+0-b2043.56-8887301, mixed mode, tiered, compressed oops, g1 gc, windows-amd64)
Heap:
 garbage-first heap   total 433152K, used 345094K [0x0000000080000000, 0x0000000100000000)
  region size 1024K, 63 young (64512K), 7 survivors (7168K)
 Metaspace       used 139480K, capacity 144709K, committed 144848K, reserved 1175552K
  class space    used 17792K, capacity 19773K, committed 19788K, reserved 1048576K
GC Heap History (20 events):
Event: 196.067 GC heap before
{Heap before GC invocations=86 (full 0):
 garbage-first heap   total 433152K, used 321915K [0x0000000080000000, 0x0000000100000000)
  region size 1024K, 111 young (113664K), 10 survivors (10240K)
 Metaspace       used 123752K, capacity 127748K, committed 127824K, reserved 1161216K
  class space    used 15408K, capacity 16834K, committed 16844K, reserved 1048576K
}
Event: 196.090 GC heap after
{Heap after GC invocations=87 (full 0):
 garbage-first heap   total 433152K, used 226786K [0x0000000080000000, 0x0000000100000000)
  region size 1024K, 14 young (14336K), 14 survivors (14336K)
 Metaspace       used 123752K, capacity 127748K, committed 127824K, reserved 1161216K
  class space    used 15408K, capacity 16834K, committed 16844K, reserved 1048576K
}
Event: 197.693 GC heap before
{Heap before GC invocations=87 (full 0):
 garbage-first heap   total 433152K, used 334305K [0x0000000080000000, 0x0000000100000000)
  region size 1024K, 118 young (120832K), 14 survivors (14336K)
 Metaspace       used 125693K, capacity 129840K, committed 130000K, reserved 1163264K
  class space    used 15677K, capacity 17134K, committed 17228K, reserved 1048576K
}
Event: 197.721 GC heap after
{Heap after GC invocations=88 (full 0):
 garbage-first heap   total 433152K, used 238153K [0x0000000080000000, 0x0000000100000000)
  region size 1024K, 15 young (15360K), 15 survivors (15360K)
 Metaspace       used 125693K, capacity 129840K, committed 130000K, reserved 1163264K
  class space    used 15677K, capacity 17134K, committed 17228K, reserved 1048576K
}
Event: 200.073 GC heap before
{Heap before GC invocations=88 (full 0):
 garbage-first heap   total 433152K, used 339529K [0x0000000080000000, 0x0000000100000000)
  region size 1024K, 115 young (117760K), 15 survivors (15360K)
 Metaspace       used 131208K, capacity 135719K, committed 135888K, reserved 1167360K
  class space    used 16506K, capacity 18148K, committed 18252K, reserved 1048576K
}
Event: 200.151 GC heap after
{Heap after GC invocations=89 (full 0):
 garbage-first heap   total 433152K, used 249030K [0x0000000080000000, 0x0000000100000000)
  region size 1024K, 15 young (15360K), 15 survivors (15360K)
 Metaspace       used 131208K, capacity 135719K, committed 135888K, reserved 1167360K
  class space    used 16506K, capacity 18148K, committed 18252K, reserved 1048576K
}
Event: 200.709 GC heap before
{Heap before GC invocations=89 (full 0):
 garbage-first heap   total 433152K, used 342214K [0x0000000080000000, 0x0000000100000000)
  region size 1024K, 107 young (109568K), 15 survivors (15360K)
 Metaspace       used 133265K, capacity 138029K, committed 138192K, reserved 1169408K
  class space    used 16852K, capacity 18632K, committed 18764K, reserved 1048576K
}
Event: 200.759 GC heap after
{Heap after GC invocations=90 (full 0):
 garbage-first heap   total 433152K, used 264646K [0x0000000080000000, 0x0000000100000000)
  region size 1024K, 14 young (14336K), 14 survivors (14336K)
 Metaspace       used 133265K, capacity 138029K, committed 138192K, reserved 1169408K
  class space    used 16852K, capacity 18632K, committed 18764K, reserved 1048576K
}
Event: 201.146 GC heap before
{Heap before GC invocations=90 (full 0):
 garbage-first heap   total 433152K, used 347590K [0x0000000080000000, 0x0000000100000000)
  region size 1024K, 96 young (98304K), 14 survivors (14336K)
 Metaspace       used 136016K, capacity 141010K, committed 141264K, reserved 1171456K
  class space    used 17359K, capacity 19234K, committed 19276K, reserved 1048576K
}
Event: 201.178 GC heap after
{Heap after GC invocations=91 (full 0):
 garbage-first heap   total 433152K, used 277854K [0x0000000080000000, 0x0000000100000000)
  region size 1024K, 12 young (12288K), 12 survivors (12288K)
 Metaspace       used 136016K, capacity 141010K, committed 141264K, reserved 1171456K
  class space    used 17359K, capacity 19234K, committed 19276K, reserved 1048576K
}
Event: 201.862 GC heap before
{Heap before GC invocations=91 (full 0):
 garbage-first heap   total 433152K, used 353630K [0x0000000080000000, 0x0000000100000000)
  region size 1024K, 87 young (89088K), 12 survivors (12288K)
 Metaspace       used 137098K, capacity 142185K, committed 142416K, reserved 1173504K
  class space    used 17476K, capacity 19358K, committed 19404K, reserved 1048576K
}
Event: 201.883 GC heap after
{Heap after GC invocations=92 (full 0):
 garbage-first heap   total 433152K, used 283611K [0x0000000080000000, 0x0000000100000000)
  region size 1024K, 6 young (6144K), 6 survivors (6144K)
 Metaspace       used 137098K, capacity 142185K, committed 142416K, reserved 1173504K
  class space    used 17476K, capacity 19358K, committed 19404K, reserved 1048576K
}
Event: 202.213 GC heap before
{Heap before GC invocations=92 (full 0):
 garbage-first heap   total 433152K, used 358363K [0x0000000080000000, 0x0000000100000000)
  region size 1024K, 80 young (81920K), 6 survivors (6144K)
 Metaspace       used 138642K, capacity 143823K, committed 143952K, reserved 1173504K
  class space    used 17688K, capacity 19605K, committed 19660K, reserved 1048576K
}
Event: 202.221 GC heap after
{Heap after GC invocations=93 (full 0):
 garbage-first heap   total 433152K, used 283949K [0x0000000080000000, 0x0000000100000000)
  region size 1024K, 6 young (6144K), 6 survivors (6144K)
 Metaspace       used 138642K, capacity 143823K, committed 143952K, reserved 1173504K
  class space    used 17688K, capacity 19605K, committed 19660K, reserved 1048576K
}
Event: 202.578 GC heap before
{Heap before GC invocations=93 (full 0):
 garbage-first heap   total 433152K, used 363821K [0x0000000080000000, 0x0000000100000000)
  region size 1024K, 84 young (86016K), 6 survivors (6144K)
 Metaspace       used 139306K, capacity 144572K, committed 144848K, reserved 1175552K
  class space    used 17776K, capacity 19749K, committed 19788K, reserved 1048576K
}
Event: 202.587 GC heap after
{Heap after GC invocations=94 (full 0):
 garbage-first heap   total 433152K, used 284320K [0x0000000080000000, 0x0000000100000000)
  region size 1024K, 6 young (6144K), 6 survivors (6144K)
 Metaspace       used 139306K, capacity 144572K, committed 144848K, reserved 1175552K
  class space    used 17776K, capacity 19749K, committed 19788K, reserved 1048576K
}
Event: 202.886 GC heap before
{Heap before GC invocations=94 (full 0):
 garbage-first heap   total 433152K, used 366240K [0x0000000080000000, 0x0000000100000000)
  region size 1024K, 87 young (89088K), 6 survivors (6144K)
 Metaspace       used 139398K, capacity 144610K, committed 144848K, reserved 1175552K
  class space    used 17785K, capacity 19761K, committed 19788K, reserved 1048576K
}
Event: 202.899 GC heap after
{Heap after GC invocations=95 (full 0):
 garbage-first heap   total 433152K, used 288025K [0x0000000080000000, 0x0000000100000000)
  region size 1024K, 6 young (6144K), 6 survivors (6144K)
 Metaspace       used 139398K, capacity 144610K, committed 144848K, reserved 1175552K
  class space    used 17785K, capacity 19761K, committed 19788K, reserved 1048576K
}
Event: 203.285 GC heap before
{Heap before GC invocations=95 (full 0):
 garbage-first heap   total 433152K, used 367897K [0x0000000080000000, 0x0000000100000000)
  region size 1024K, 85 young (87040K), 6 survivors (6144K)
 Metaspace       used 139403K, capacity 144674K, committed 144848K, reserved 1175552K
  class space    used 17785K, capacity 19761K, committed 19788K, reserved 1048576K
}
Event: 203.295 GC heap after
{Heap after GC invocations=96 (full 0):
 garbage-first heap   total 433152K, used 288774K [0x0000000080000000, 0x0000000100000000)
  region size 1024K, 7 young (7168K), 7 survivors (7168K)
 Metaspace       used 139403K, capacity 144674K, committed 144848K, reserved 1175552K
  class space    used 17785K, capacity 19761K, committed 19788K, reserved 1048576K
}

